<?xml version="1.0" encoding="UTF-8"?>
<!-- Generated by org.testng.reporters.JUnitReportReporter -->
<testsuite hostname="LTIN509457" failures="0" tests="3" name="testRunner.TestRunner" time="111.469" errors="0" timestamp="2024-11-11T15:19:33 IST" skipped="0">
  <testcase classname="testRunner.TestRunner" name="runScenario" time="50.952"/>
  <system-out/>
  <testcase classname="testRunner.TestRunner" name="runScenario" time="47.131"/>
  <system-out/>
  <testcase classname="testRunner.TestRunner" name="runScenario" time="13.386"/>
  <system-out/>
</testsuite> <!-- testRunner.TestRunner -->
